TN:
SF:src/notas.ts
FN:7,(anonymous_0)
FN:27,(anonymous_1)
FN:33,(anonymous_2)
FN:53,(anonymous_3)
FN:82,(anonymous_4)
FN:109,(anonymous_5)
FN:137,(anonymous_6)
FN:142,(anonymous_7)
FN:163,(anonymous_8)
FNF:9
FNH:9
FNDA:1,(anonymous_0)
FNDA:1,(anonymous_1)
FNDA:2,(anonymous_2)
FNDA:4,(anonymous_3)
FNDA:2,(anonymous_4)
FNDA:3,(anonymous_5)
FNDA:2,(anonymous_6)
FNDA:2,(anonymous_7)
FNDA:3,(anonymous_8)
DA:1,1
DA:2,1
DA:7,1
DA:8,1
DA:9,1
DA:10,1
DA:11,1
DA:17,1
DA:34,2
DA:35,1
DA:38,2
DA:39,1
DA:42,2
DA:54,4
DA:55,4
DA:56,4
DA:57,4
DA:59,4
DA:60,2
DA:61,1
DA:62,1
DA:64,1
DA:65,1
DA:66,1
DA:69,2
DA:70,2
DA:71,2
DA:72,2
DA:83,2
DA:85,2
DA:86,1
DA:87,1
DA:89,1
DA:90,1
DA:92,1
DA:93,1
DA:95,1
DA:96,1
DA:97,1
DA:110,3
DA:111,3
DA:112,3
DA:113,3
DA:114,3
DA:116,3
DA:117,2
DA:118,1
DA:120,1
DA:121,1
DA:123,1
DA:124,1
DA:127,1
DA:128,1
DA:138,2
DA:139,1
DA:140,1
DA:142,1
DA:143,2
DA:144,2
DA:146,2
DA:147,2
DA:149,1
DA:151,1
DA:152,1
DA:153,1
DA:164,3
DA:166,3
DA:167,1
DA:169,1
DA:170,1
DA:171,1
DA:173,2
DA:174,2
DA:175,2
LF:74
LH:74
BRDA:7,0,0,1
BRDA:7,0,1,1
BRDA:34,1,0,1
BRDA:34,1,1,1
BRDA:38,2,0,1
BRDA:38,2,1,1
BRDA:59,3,0,2
BRDA:59,3,1,2
BRDA:60,4,0,1
BRDA:60,4,1,1
BRDA:85,5,0,1
BRDA:85,5,1,1
BRDA:116,6,0,2
BRDA:116,6,1,1
BRDA:117,7,0,1
BRDA:117,7,1,1
BRDA:138,8,0,1
BRDA:138,8,1,1
BRDA:166,9,0,1
BRDA:166,9,1,2
BRF:20
BRH:20
end_of_record
